ERROR: 05/18/2017 23:55:30 : ( Hotel ) Hotel URL http://www.paucek.com/search.htm is not valid
ERROR: 05/18/2017 23:55:30 : ( Hotel ) Hotel URL http://www.farina.org/blog/categories/tags/about.html is not valid
ERROR: 05/18/2017 23:55:30 : ( Hotel ) Hotel URL http://www.garden.com/list/home.html is not valid
ERROR: 05/18/2017 23:55:30 : ( Hotel ) Hotel URL http://reichmann.de/main/ is not valid
ERROR: 05/18/2017 23:55:30 : ( Hotel ) Hotel URL http://www.rousseau.fr/ is not valid
ERROR: 05/18/2017 23:55:30 : ( Hotel ) Hotel URL http://the.com/register/ is not valid
ERROR: 05/18/2017 23:55:30 : ( Hotel ) Hotel URL http://vaillant.com/list/app/faq/ is not valid
ERROR: 05/18/2017 23:55:30 : ( Hotel ) Hotel URL http://www.begue.fr/search/register/ is not valid
ERROR: 05/18/2017 23:55:30 : ( Hotel ) Hotel URL http://hotel.com/index/ is not valid
ERROR: 05/18/2017 23:55:30 : ( Hotel ) Hotel URL http://premier.de/about/ is not valid
ERROR: 05/18/2017 23:55:30 : ( Hotel ) Hotel URL http://ondricka.com/search/ is not valid
ERROR: 05/18/2017 23:55:30 : ( Hotel ) Hotel URL http://the.org/category/ is not valid
ERROR: 05/18/2017 23:55:30 : ( Hotel ) Hotel URL http://www.martini.net/main.asp is not valid
ERROR: 05/18/2017 23:55:30 : ( Hotel ) Hotel URL http://schneider.fr/index/ is not valid
ERROR: 05/18/2017 23:55:30 : ( Hotel ) Hotel URL http://www.premier.com/login/ is not valid
ERROR: 05/18/2017 23:55:30 : ( Hotel ) Hotel URL http://www.martinelli.net/ is not valid
ERROR: 05/18/2017 23:55:30 : ( Hotel ) Hotel URL http://www.jockel.de/explore/tags/main/category.asp is not valid
ERROR: 05/18/2017 23:55:30 : ( Hotel ) Hotel URL http://www.lockman.info/main/ is not valid
ERROR: 05/18/2017 23:55:30 : ( Hotel ) Hotel URL http://the.biz/ is not valid
ERROR: 05/18/2017 23:55:30 : ( Hotel ) Hotel URL http://www.the.net/blog/category/tag/author/ is not valid
ERROR: 05/18/2017 23:55:30 : ( Hotel ) Hotel URL http://www.hotel.com/index/ is not valid
ERROR: 05/18/2017 23:55:30 : ( Hotel ) Hotel URL http://the.de/author/ is not valid
ERROR: 05/18/2017 23:55:30 : ( Hotel ) Hotel URL http://benard.com/ is not valid
ERROR: 05/18/2017 23:55:30 : ( Hotel ) Hotel URL http://stumpf.com/post.php is not valid
ERROR: 05/18/2017 23:55:30 : ( Hotel ) Hotel URL http://sucker.com/tags/privacy/ is not valid
ERROR: 05/18/2017 23:55:30 : ( Hotel ) Hotel URL http://www.brown.net/tags/category/faq.php is not valid
ERROR: 05/18/2017 23:55:30 : ( Hotel ) Hotel URL http://www.heaney.com/category/ is not valid
ERROR: 05/18/2017 23:55:30 : ( Hotel ) Hotel URL http://www.leleu.fr/main.html is not valid
ERROR: 05/18/2017 23:55:30 : ( Hotel ) Hotel URL http://www.weihmann.com/homepage/ is not valid
ERROR: 05/18/2017 23:55:30 : ( Hotel ) Hotel URL http://boutique.org/tag/categories/wp-content/login/ is not valid
ERROR: 05/18/2017 23:55:30 : ( Hotel ) Hotel URL http://www.hostel.com/tag/login/ is not valid
ERROR: 05/18/2017 23:55:30 : ( Hotel ) Hotel URL http://hornich.org/ is not valid
ERROR: 05/18/2017 23:55:30 : ( Hotel ) Hotel URL http://de.info/ is not valid
ERROR: 05/18/2017 23:55:30 : ( Hotel ) Hotel URL http://www.pension.com/blog/search/ is not valid
ERROR: 05/18/2017 23:55:30 : ( Hotel ) Hotel URL http://www.the.de/posts/list/category/register/ is not valid
ERROR: 05/18/2017 23:55:30 : ( Hotel ) Hotel URL http://www.hostel.org/ is not valid
ERROR: 05/18/2017 23:55:30 : ( Hotel ) Hotel URL http://kambs.com/ is not valid
ERROR: 05/18/2017 23:55:30 : ( Hotel ) Hotel URL http://www.carbone.info/category/posts/posts/search/ is not valid
ERROR: 05/18/2017 23:55:30 : ( Hotel ) Hotel URL http://boutique.com/main/posts/category.htm is not valid
ERROR: 05/18/2017 23:55:30 : ( Hotel ) Hotel URL http://boutique.net/post/ is not valid
ERROR: 05/18/2017 23:55:30 : ( Hotel ) Hotel URL http://fouquet.net/category/main/ is not valid
ERROR: 05/18/2017 23:55:30 : ( Hotel ) Hotel URL http://the.de/author/ is not valid
ERROR: 05/18/2017 23:55:30 : ( Hotel ) Hotel URL http://www.neri.com/login.htm is not valid
ERROR: 05/18/2017 23:55:30 : ( Hotel ) Hotel URL http://sauer.com/homepage.asp is not valid
ERROR: 05/18/2017 23:55:30 : ( Hotel ) Hotel URL http://www.apartment.net/category/ is not valid
ERROR: 05/18/2017 23:55:30 : ( Hotel ) Hotel URL http://www.apartment.de/blog/posts/index.asp is not valid
ERROR: 05/18/2017 23:55:30 : ( Hotel ) Hotel URL http://lombardo.info/index.asp is not valid
ERROR: 05/18/2017 23:55:30 : ( Hotel ) Hotel URL http://johann.com/author.htm is not valid
ERROR: 05/18/2017 23:55:31 : ( Hotel ) Hotel URL http://the.com/category/ is not valid
ERROR: 05/18/2017 23:55:31 : ( Hotel ) Hotel URL http://zaenker.com/category/category/privacy/ is not valid
ERROR: 05/18/2017 23:55:31 : ( Hotel ) Hotel URL http://www.the.de/wp-content/main/tags/privacy/ is not valid
ERROR: 05/18/2017 23:55:31 : ( Hotel ) Hotel URL http://www.the.com/ is not valid
ERROR: 05/18/2017 23:55:31 : ( Hotel ) Hotel URL http://www.apartment.com/list/register.jsp is not valid
ERROR: 05/18/2017 23:55:31 : ( Hotel ) Hotel URL http://boucsein.de/ is not valid
ERROR: 05/18/2017 23:55:31 : ( Hotel ) Hotel URL http://www.the.com/category/categories/about.html is not valid
ERROR: 05/18/2017 23:55:31 : ( Hotel ) Hotel URL http://www.marini.com/wp-content/privacy.html is not valid
ERROR: 05/18/2017 23:55:31 : ( Hotel ) Hotel URL http://www.sorrentino.com/category/search/ is not valid
ERROR: 05/18/2017 23:55:31 : ( Hotel ) Hotel URL http://www.deckow.com/category.php is not valid
ERROR: 05/18/2017 23:55:31 : ( Hotel ) Hotel URL http://www.pasquier.org/wp-content/list/main/category/ is not valid
ERROR: 05/18/2017 23:55:31 : ( Hotel ) Hotel URL http://www.ferrara.com/terms/ is not valid
ERROR: 05/18/2017 23:55:31 : ( Hotel ) Hotel URL http://the.net/categories/blog/author.php is not valid
